INFO  2012-03-27 18:59:25,736 (Saros.java:250) Starting Saros 11.12.9.r3685 running:
  Java Version: 1.6.0_29
  Java Vendor: Apple Inc.
  Eclipse Runtime Version: 3.7.0.v20110110
  Operating System: Mac OS X (10.7.3)
  Hardware Architecture: i386
INFO  2012-03-27 18:59:27,417 (StatisticManager.java:303) Current feedback settings:
  Feedback disabled: false
  Feedback interval: 5
  Statistic submission allowed: false
  Pseudonym submission allowed: false
INFO  2012-03-27 18:59:27,612 (XMPPAccountStore.java:106) loaded 1 accounts
DEBUG 2012-03-27 18:59:27,676 (StreamServiceManager.java:228) StreamServices added:
  VideoSharing
  ArchiveProject
  AudioService
  SendFile
INFO  2012-03-27 18:59:27,721 (ErrorLogManager.java:306) Current error log settings:
  Error log submission allowed: false
  Full Error log submission allowed: false
DEBUG 2012-03-27 18:59:28,051 (SarosNet.java:206) Socks5Proxy properties changed. Socks5Proxy started on port 7777...
DEBUG 2012-03-27 18:59:28,691 (SarosNet.java:428) New Connection State == CONNECTING
DEBUG 2012-03-27 18:59:29,320 (StunHelper.java:128) Error while performing STUN: No route to host
DEBUG 2012-03-27 18:59:29,321 (StunHelper.java:128) Error while performing STUN: No route to host
DEBUG 2012-03-27 18:59:30,957 (StunHelper.java:128) Error while performing STUN: No route to host
DEBUG 2012-03-27 18:59:30,959 (StunHelper.java:128) Error while performing STUN: No route to host
DEBUG 2012-03-27 18:59:31,628 (SarosNet.java:428) [jrbaca@gmail.com/Saros104F691D] New Connection State == CONNECTED
DEBUG 2012-03-27 18:59:31,756 (DataTransferManager.java:674) Prepare bytestreams for XMPP connection. Used transport order: [XEP 65 SOCKS5, XEP 47 In-Band Bytestream]
DEBUG 2012-03-27 18:59:31,764 (SkypeManager.java:280) Refreshing Skype username cache...
DEBUG 2012-03-27 18:59:36,272 (SharedDocumentProvider.java:79) SharedDocumentProvider created by Eclipse
DEBUG 2012-03-27 18:59:42,528 (DiscoveryManager.java:389) Inserted DiscoveryInfo into Cache for: 3cxu2b8tb7q8m23zi597u24r0y@public.talk.google.com/gmail.5063D315
DEBUG 2012-03-27 18:59:42,611 (DiscoveryManager.java:389) Inserted DiscoveryInfo into Cache for: qtgottl@gmail.com/gmail.3E096F87
DEBUG 2012-03-27 18:59:42,623 (DiscoveryManager.java:389) Inserted DiscoveryInfo into Cache for: maximusjohnsonus@gmail.com/gmail.471F5639
DEBUG 2012-03-27 18:59:42,657 (DiscoveryManager.java:389) Inserted DiscoveryInfo into Cache for: brb712@gmail.com/android85c1f1876b8c
DEBUG 2012-03-27 18:59:42,682 (DiscoveryManager.java:389) Inserted DiscoveryInfo into Cache for: jwewsuk@gmail.com/androida0083275ef1a
DEBUG 2012-03-27 18:59:42,698 (DiscoveryManager.java:389) Inserted DiscoveryInfo into Cache for: 2kdsebqm86njj298ihpmymc8ki@public.talk.google.com/gmail.3FAE4FCA
DEBUG 2012-03-27 18:59:42,726 (DiscoveryManager.java:389) Inserted DiscoveryInfo into Cache for: cinabq@gmail.com/gmail.3D511150
WARN  2012-03-27 18:59:42,732 (DiscoveryManager.java:439) Service Discovery failed on recipient lightningzygella@gmail.com/Talk.v10400871077 server:xmpp.l.google.com:
feature-not-implemented(501)
	at org.jivesoftware.smackx.ServiceDiscoveryManager.discoverInfo(ServiceDiscoveryManager.java:448)
	at org.jivesoftware.smackx.ServiceDiscoveryManager.discoverInfo(ServiceDiscoveryManager.java:414)
	at de.fu_berlin.inf.dpp.net.internal.discoveryManager.DiscoveryManager.querySupport(DiscoveryManager.java:436)
	at de.fu_berlin.inf.dpp.net.internal.discoveryManager.DiscoveryManager.isFeatureSupported(DiscoveryManager.java:387)
	at de.fu_berlin.inf.dpp.net.internal.discoveryManager.DiscoveryManager.getSupportingPresence(DiscoveryManager.java:289)
	at de.fu_berlin.inf.dpp.net.internal.discoveryManager.DiscoveryManager.isSarosSupported(DiscoveryManager.java:207)
	at de.fu_berlin.inf.dpp.net.internal.discoveryManager.DiscoveryManager$2$1.run(DiscoveryManager.java:329)
	at de.fu_berlin.inf.dpp.util.Utils$6.run(Utils.java:377)
	at java.lang.Thread.run(Thread.java:680)
DEBUG 2012-03-27 18:59:43,271 (DiscoveryManager.java:389) Inserted DiscoveryInfo into Cache for: lightningzygella@gmail.com/SarosDF3CC8B3
DEBUG 2012-03-27 18:59:44,396 (DiscoveryManager.java:96) Clearing cache entry of buddy 3cxu2b8tb7q8m23zi597u24r0y@public.talk.google.com/gmail.5063D315: <query xmlns="http://jabber.org/protocol/disco#info"><identity category="client" name="null" type="pc"/><feature var="http://jabber.org/protocol/disco#info"/></query>
DEBUG 2012-03-27 18:59:50,252 (StartupSaros.java:66) de.fu_berlin.inf.dpp.testmode=null
DEBUG 2012-03-27 18:59:50,328 (WhiteboardManager.java:108) WhiteboardManager instantiated
DEBUG 2012-03-27 18:59:50,345 (DocumentRecord.java:93) Added Node: attr(133289639034134057) name=svg
DEBUG 2012-03-27 18:59:50,423 (StunHelper.java:121) Added WAN-IP: 174.56.67.114 (through 192.168.1.115)
DEBUG 2012-03-27 19:00:34,981 (DiscoveryManager.java:96) Clearing cache entry of buddy qtgottl@gmail.com/gmail.3E096F87: <query xmlns="http://jabber.org/protocol/disco#info"><identity category="client" name="null" type="pc"/><feature var="http://jabber.org/protocol/disco#info"/></query>
DEBUG 2012-03-27 19:00:51,164 (DiscoveryManager.java:96) Clearing cache entry of buddy cinabq@gmail.com/gmail.3D511150: <query xmlns="http://jabber.org/protocol/disco#info"><identity category="client" name="null" type="pc"/><feature var="http://jabber.org/protocol/disco#info"/></query>
DEBUG 2012-03-27 19:01:05,893 (SarosNet.java:428) [jrbaca@gmail.com/Saros104F691D] New Connection State == DISCONNECTING
DEBUG 2012-03-27 19:01:06,071 (SarosNet.java:428) New Connection State == NOT_CONNECTED
