WARN  2012-03-25 09:42:06,071 (Socks5Transport.java:501) [SOCKS5] could not connect to jwewsuk@gmail.com/Saros44393D25 because: feature-not-implemented(501). Waiting for peer to connect ...
WARN  2012-03-25 09:42:07,269 (DiscoveryManager.java:439) Service Discovery failed on recipient burnett98@gmail.com/IM+A3F4282F server:xmpp.l.google.com:
No response from the server.: 
	at org.jivesoftware.smackx.ServiceDiscoveryManager.discoverInfo(ServiceDiscoveryManager.java:445)
	at org.jivesoftware.smackx.ServiceDiscoveryManager.discoverInfo(ServiceDiscoveryManager.java:414)
	at de.fu_berlin.inf.dpp.net.internal.discoveryManager.DiscoveryManager.querySupport(DiscoveryManager.java:436)
	at de.fu_berlin.inf.dpp.net.internal.discoveryManager.DiscoveryManager.isFeatureSupported(DiscoveryManager.java:387)
	at de.fu_berlin.inf.dpp.net.internal.discoveryManager.DiscoveryManager.getSupportingPresence(DiscoveryManager.java:289)
	at de.fu_berlin.inf.dpp.net.internal.discoveryManager.DiscoveryManager.isSarosSupported(DiscoveryManager.java:207)
	at de.fu_berlin.inf.dpp.net.internal.discoveryManager.DiscoveryManager$2$1.run(DiscoveryManager.java:329)
	at de.fu_berlin.inf.dpp.util.Utils$6.run(Utils.java:377)
	at java.lang.Thread.run(Thread.java:680)
ERROR 2012-03-25 09:42:15,075 (DataTransferManager.java:433) [jwewsuk@gmail.com/Saros44393D25] Failed to connect using XEP 65 SOCKS5:
feature-not-implemented(501)
	at org.jivesoftware.smackx.ServiceDiscoveryManager.discoverItems(ServiceDiscoveryManager.java:495)
	at org.jivesoftware.smackx.ServiceDiscoveryManager.discoverItems(ServiceDiscoveryManager.java:461)
	at org.jivesoftware.smackx.bytestreams.socks5.Socks5BytestreamManager.determineProxies(Socks5BytestreamManager.java:526)
	at org.jivesoftware.smackx.bytestreams.socks5.Socks5BytestreamManager.establishSession(Socks5BytestreamManager.java:423)
	at org.jivesoftware.smackx.bytestreams.socks5.Socks5BytestreamManager.establishSession(Socks5BytestreamManager.java:399)
	at org.jivesoftware.smackx.bytestreams.socks5.Socks5BytestreamManager.establishSession(Socks5BytestreamManager.java:83)
	at de.fu_berlin.inf.dpp.net.internal.Socks5Transport.establishBinaryChannel(Socks5Transport.java:472)
	at de.fu_berlin.inf.dpp.net.internal.BytestreamTransport.connect(BytestreamTransport.java:45)
	at de.fu_berlin.inf.dpp.net.internal.DataTransferManager.connect(DataTransferManager.java:431)
	at de.fu_berlin.inf.dpp.net.internal.DataTransferManager.getConnection(DataTransferManager.java:402)
	at de.fu_berlin.inf.dpp.invitation.OutgoingSessionNegotiation.sendInvitation(OutgoingSessionNegotiation.java:301)
	at de.fu_berlin.inf.dpp.invitation.OutgoingSessionNegotiation.start(OutgoingSessionNegotiation.java:164)
	at de.fu_berlin.inf.dpp.project.SarosSessionManager$OutgoingInvitationJob.run(SarosSessionManager.java:469)
	at org.eclipse.core.internal.jobs.Worker.run(Worker.java:54)
ERROR 2012-03-25 09:42:16,188 (OutgoingSessionNegotiation.java:504) Inv[jwewsuk@gmail.com/Saros44393D25] : Invitation was cancelled by the remote user  because of an error on his/her side: I am already in a Saros session and socannot accept your invitation.
ERROR 2012-03-25 09:42:18,484 (OutgoingSessionNegotiation.java:504) Inv[jwewsuk@gmail.com/Saros44393D25] : Invitation was cancelled by the remote user  because of an error on his/her side: I am already in a Saros session and socannot accept your invitation.
ERROR 2012-03-25 09:42:34,362 (OutgoingSessionNegotiation.java:504) Inv[jwewsuk@gmail.com/Saros44393D25] : Invitation was cancelled by the remote user  because of an error on his/her side: I am already in a Saros session and socannot accept your invitation.
ERROR 2012-03-25 09:42:36,728 (OutgoingSessionNegotiation.java:504) Inv[jwewsuk@gmail.com/Saros44393D25] : Invitation was cancelled by the remote user  because of an error on his/her side: I am already in a Saros session and socannot accept your invitation.
WARN  2012-03-25 09:50:25,415 (EnterProjectNamePageUtils.java:261) preferenceUtils is null
ERROR 2012-03-25 09:50:40,070 (IncomingProjectNegotiation.java:542) Inv[jwewsuk@gmail.com/Saros44393D25] : Sharing project was cancelled by the remote user because of an error on his/her side: Stream is closed
ERROR 2012-03-25 09:51:10,821 (RemoteWriteAccessManager.java:154) Attempting to connect to file which is not available locally: SPath [editorType=txt, path=src/mainClass.java, project=test1]
StackTrace:
	at de.fu_berlin.inf.dpp.editor.RemoteWriteAccessManager.connectDocumentProvider(RemoteWriteAccessManager.java:155)
	at de.fu_berlin.inf.dpp.editor.RemoteWriteAccessManager.updateConnectionState(RemoteWriteAccessManager.java:212)
	at de.fu_berlin.inf.dpp.editor.RemoteWriteAccessManager$2.receive(RemoteWriteAccessManager.java:113)
	at de.fu_berlin.inf.dpp.activities.business.EditorActivity.dispatch(EditorActivity.java:122)
	at de.fu_berlin.inf.dpp.editor.RemoteWriteAccessManager.exec(RemoteWriteAccessManager.java:123)
	at de.fu_berlin.inf.dpp.editor.EditorManager.exec(EditorManager.java:758)
	at de.fu_berlin.inf.dpp.project.internal.SarosSession$1$1.run(SarosSession.java:209)
	at de.fu_berlin.inf.dpp.util.Utils$6.run(Utils.java:377)
	at org.eclipse.swt.widgets.RunnableLock.run(RunnableLock.java:35)
	at org.eclipse.swt.widgets.Synchronizer.runAsyncMessages(Synchronizer.java:135)
	at org.eclipse.swt.widgets.Display.runAsyncMessages(Display.java:3935)
	at org.eclipse.swt.widgets.Display.readAndDispatch(Display.java:3612)
	at org.eclipse.ui.internal.Workbench.runEventLoop(Workbench.java:2696)
	at org.eclipse.ui.internal.Workbench.runUI(Workbench.java:2660)
	at org.eclipse.ui.internal.Workbench.access$4(Workbench.java:2494)
	at org.eclipse.ui.internal.Workbench$7.run(Workbench.java:674)
	at org.eclipse.core.databinding.observable.Realm.runWithDefault(Realm.java:332)
	at org.eclipse.ui.internal.Workbench.createAndRunWorkbench(Workbench.java:667)
	at org.eclipse.ui.PlatformUI.createAndRunWorkbench(PlatformUI.java:149)
	at org.eclipse.ui.internal.ide.application.IDEApplication.start(IDEApplication.java:123)
	at org.eclipse.equinox.internal.app.EclipseAppHandle.run(EclipseAppHandle.java:196)
	at org.eclipse.core.runtime.internal.adaptor.EclipseAppLauncher.runApplication(EclipseAppLauncher.java:110)
	at org.eclipse.core.runtime.internal.adaptor.EclipseAppLauncher.start(EclipseAppLauncher.java:79)
	at org.eclipse.core.runtime.adaptor.EclipseStarter.run(EclipseStarter.java:344)
	at org.eclipse.core.runtime.adaptor.EclipseStarter.run(EclipseStarter.java:179)
	at sun.reflect.NativeMethodAccessorImpl.invoke0(Native Method)
	at sun.reflect.NativeMethodAccessorImpl.invoke(NativeMethodAccessorImpl.java:39)
	at sun.reflect.DelegatingMethodAccessorImpl.invoke(DelegatingMethodAccessorImpl.java:25)
	at java.lang.reflect.Method.invoke(Method.java:597)
	at org.eclipse.equinox.launcher.Main.invokeFramework(Main.java:622)
	at org.eclipse.equinox.launcher.Main.basicRun(Main.java:577)
	at org.eclipse.equinox.launcher.Main.run(Main.java:1410)
WARN  2012-03-25 09:51:10,824 (SharedProjectFileDecorator.java:222) resource should not be null
ERROR 2012-03-25 09:51:11,125 (RemoteWriteAccessManager.java:154) Attempting to connect to file which is not available locally: SPath [editorType=txt, path=src/mainClass.java, project=test1]
StackTrace:
	at de.fu_berlin.inf.dpp.editor.RemoteWriteAccessManager.connectDocumentProvider(RemoteWriteAccessManager.java:155)
	at de.fu_berlin.inf.dpp.editor.RemoteWriteAccessManager.updateConnectionState(RemoteWriteAccessManager.java:212)
	at de.fu_berlin.inf.dpp.editor.RemoteWriteAccessManager$2.receive(RemoteWriteAccessManager.java:113)
	at de.fu_berlin.inf.dpp.activities.business.EditorActivity.dispatch(EditorActivity.java:122)
	at de.fu_berlin.inf.dpp.editor.RemoteWriteAccessManager.exec(RemoteWriteAccessManager.java:123)
	at de.fu_berlin.inf.dpp.editor.EditorManager.exec(EditorManager.java:758)
	at de.fu_berlin.inf.dpp.project.internal.SarosSession$1$1.run(SarosSession.java:209)
	at de.fu_berlin.inf.dpp.util.Utils$6.run(Utils.java:377)
	at org.eclipse.swt.widgets.RunnableLock.run(RunnableLock.java:35)
	at org.eclipse.swt.widgets.Synchronizer.runAsyncMessages(Synchronizer.java:135)
	at org.eclipse.swt.widgets.Display.runAsyncMessages(Display.java:3935)
	at org.eclipse.swt.widgets.Display.readAndDispatch(Display.java:3612)
	at org.eclipse.ui.internal.Workbench.runEventLoop(Workbench.java:2696)
	at org.eclipse.ui.internal.Workbench.runUI(Workbench.java:2660)
	at org.eclipse.ui.internal.Workbench.access$4(Workbench.java:2494)
	at org.eclipse.ui.internal.Workbench$7.run(Workbench.java:674)
	at org.eclipse.core.databinding.observable.Realm.runWithDefault(Realm.java:332)
	at org.eclipse.ui.internal.Workbench.createAndRunWorkbench(Workbench.java:667)
	at org.eclipse.ui.PlatformUI.createAndRunWorkbench(PlatformUI.java:149)
	at org.eclipse.ui.internal.ide.application.IDEApplication.start(IDEApplication.java:123)
	at org.eclipse.equinox.internal.app.EclipseAppHandle.run(EclipseAppHandle.java:196)
	at org.eclipse.core.runtime.internal.adaptor.EclipseAppLauncher.runApplication(EclipseAppLauncher.java:110)
	at org.eclipse.core.runtime.internal.adaptor.EclipseAppLauncher.start(EclipseAppLauncher.java:79)
	at org.eclipse.core.runtime.adaptor.EclipseStarter.run(EclipseStarter.java:344)
	at org.eclipse.core.runtime.adaptor.EclipseStarter.run(EclipseStarter.java:179)
	at sun.reflect.NativeMethodAccessorImpl.invoke0(Native Method)
	at sun.reflect.NativeMethodAccessorImpl.invoke(NativeMethodAccessorImpl.java:39)
	at sun.reflect.DelegatingMethodAccessorImpl.invoke(DelegatingMethodAccessorImpl.java:25)
	at java.lang.reflect.Method.invoke(Method.java:597)
	at org.eclipse.equinox.launcher.Main.invokeFramework(Main.java:622)
	at org.eclipse.equinox.launcher.Main.basicRun(Main.java:577)
	at org.eclipse.equinox.launcher.Main.run(Main.java:1410)
WARN  2012-03-25 09:51:11,132 (SharedProjectFileDecorator.java:222) resource should not be null
WARN  2012-03-25 09:51:11,133 (SharedProjectFileDecorator.java:222) resource should not be null
ERROR 2012-03-25 09:51:11,134 (RemoteWriteAccessManager.java:154) Attempting to connect to file which is not available locally: SPath [editorType=txt, path=src/mainClass.java, project=test1]
StackTrace:
	at de.fu_berlin.inf.dpp.editor.RemoteWriteAccessManager.connectDocumentProvider(RemoteWriteAccessManager.java:155)
	at de.fu_berlin.inf.dpp.editor.RemoteWriteAccessManager.updateConnectionState(RemoteWriteAccessManager.java:212)
	at de.fu_berlin.inf.dpp.editor.RemoteWriteAccessManager$2.receive(RemoteWriteAccessManager.java:113)
	at de.fu_berlin.inf.dpp.activities.business.EditorActivity.dispatch(EditorActivity.java:122)
	at de.fu_berlin.inf.dpp.editor.RemoteWriteAccessManager.exec(RemoteWriteAccessManager.java:123)
	at de.fu_berlin.inf.dpp.editor.EditorManager.exec(EditorManager.java:758)
	at de.fu_berlin.inf.dpp.project.internal.SarosSession$1$1.run(SarosSession.java:209)
	at de.fu_berlin.inf.dpp.util.Utils$6.run(Utils.java:377)
	at org.eclipse.swt.widgets.RunnableLock.run(RunnableLock.java:35)
	at org.eclipse.swt.widgets.Synchronizer.runAsyncMessages(Synchronizer.java:135)
	at org.eclipse.swt.widgets.Display.runAsyncMessages(Display.java:3935)
	at org.eclipse.swt.widgets.Display.readAndDispatch(Display.java:3612)
	at org.eclipse.ui.internal.Workbench.runEventLoop(Workbench.java:2696)
	at org.eclipse.ui.internal.Workbench.runUI(Workbench.java:2660)
	at org.eclipse.ui.internal.Workbench.access$4(Workbench.java:2494)
	at org.eclipse.ui.internal.Workbench$7.run(Workbench.java:674)
	at org.eclipse.core.databinding.observable.Realm.runWithDefault(Realm.java:332)
	at org.eclipse.ui.internal.Workbench.createAndRunWorkbench(Workbench.java:667)
	at org.eclipse.ui.PlatformUI.createAndRunWorkbench(PlatformUI.java:149)
	at org.eclipse.ui.internal.ide.application.IDEApplication.start(IDEApplication.java:123)
	at org.eclipse.equinox.internal.app.EclipseAppHandle.run(EclipseAppHandle.java:196)
	at org.eclipse.core.runtime.internal.adaptor.EclipseAppLauncher.runApplication(EclipseAppLauncher.java:110)
	at org.eclipse.core.runtime.internal.adaptor.EclipseAppLauncher.start(EclipseAppLauncher.java:79)
	at org.eclipse.core.runtime.adaptor.EclipseStarter.run(EclipseStarter.java:344)
	at org.eclipse.core.runtime.adaptor.EclipseStarter.run(EclipseStarter.java:179)
	at sun.reflect.NativeMethodAccessorImpl.invoke0(Native Method)
	at sun.reflect.NativeMethodAccessorImpl.invoke(NativeMethodAccessorImpl.java:39)
	at sun.reflect.DelegatingMethodAccessorImpl.invoke(DelegatingMethodAccessorImpl.java:25)
	at java.lang.reflect.Method.invoke(Method.java:597)
	at org.eclipse.equinox.launcher.Main.invokeFramework(Main.java:622)
	at org.eclipse.equinox.launcher.Main.basicRun(Main.java:577)
	at org.eclipse.equinox.launcher.Main.run(Main.java:1410)
WARN  2012-03-25 09:51:11,136 (SharedProjectFileDecorator.java:222) resource should not be null
WARN  2012-03-25 09:51:11,136 (SharedProjectFileDecorator.java:222) resource should not be null
WARN  2012-03-25 09:53:15,544 (Socks5Transport.java:501) [SOCKS5] could not connect to jwewsuk@gmail.com/Saros44393D25 because: feature-not-implemented(501). Waiting for peer to connect ...
ERROR 2012-03-25 09:53:24,546 (DataTransferManager.java:433) [jwewsuk@gmail.com/Saros44393D25] Failed to connect using XEP 65 SOCKS5:
feature-not-implemented(501)
	at org.jivesoftware.smackx.ServiceDiscoveryManager.discoverItems(ServiceDiscoveryManager.java:495)
	at org.jivesoftware.smackx.ServiceDiscoveryManager.discoverItems(ServiceDiscoveryManager.java:461)
	at org.jivesoftware.smackx.bytestreams.socks5.Socks5BytestreamManager.determineProxies(Socks5BytestreamManager.java:526)
	at org.jivesoftware.smackx.bytestreams.socks5.Socks5BytestreamManager.establishSession(Socks5BytestreamManager.java:423)
	at org.jivesoftware.smackx.bytestreams.socks5.Socks5BytestreamManager.establishSession(Socks5BytestreamManager.java:399)
	at org.jivesoftware.smackx.bytestreams.socks5.Socks5BytestreamManager.establishSession(Socks5BytestreamManager.java:83)
	at de.fu_berlin.inf.dpp.net.internal.Socks5Transport.establishBinaryChannel(Socks5Transport.java:472)
	at de.fu_berlin.inf.dpp.net.internal.BytestreamTransport.connect(BytestreamTransport.java:45)
	at de.fu_berlin.inf.dpp.net.internal.DataTransferManager.connect(DataTransferManager.java:431)
	at de.fu_berlin.inf.dpp.net.internal.DataTransferManager.getConnection(DataTransferManager.java:402)
	at de.fu_berlin.inf.dpp.invitation.OutgoingSessionNegotiation.sendInvitation(OutgoingSessionNegotiation.java:301)
	at de.fu_berlin.inf.dpp.invitation.OutgoingSessionNegotiation.start(OutgoingSessionNegotiation.java:164)
	at de.fu_berlin.inf.dpp.project.SarosSessionManager$OutgoingInvitationJob.run(SarosSessionManager.java:469)
	at org.eclipse.core.internal.jobs.Worker.run(Worker.java:54)
WARN  2012-03-25 09:54:37,611 (SharedProjectFileDecorator.java:222) resource should not be null
WARN  2012-03-25 09:54:47,313 (SharedProjectFileDecorator.java:222) resource should not be null
WARN  2012-03-25 10:01:11,140 (SharedProjectFileDecorator.java:134) path object should not be null
WARN  2012-03-25 10:01:11,180 (SharedProjectFileDecorator.java:134) path object should not be null
WARN  2012-03-25 10:01:21,563 (SharedProjectFileDecorator.java:134) path object should not be null
WARN  2012-03-25 10:01:21,576 (SharedProjectFileDecorator.java:134) path object should not be null
WARN  2012-03-25 10:01:27,058 (SharedProjectFileDecorator.java:134) path object should not be null
WARN  2012-03-25 10:01:27,071 (SharedProjectFileDecorator.java:134) path object should not be null
WARN  2012-03-25 10:01:32,459 (SharedProjectFileDecorator.java:134) path object should not be null
WARN  2012-03-25 10:01:32,471 (SharedProjectFileDecorator.java:134) path object should not be null
WARN  2012-03-25 10:01:56,886 (SharedProjectFileDecorator.java:134) path object should not be null
WARN  2012-03-25 10:01:56,898 (SharedProjectFileDecorator.java:134) path object should not be null
WARN  2012-03-25 10:02:05,239 (SharedProjectFileDecorator.java:134) path object should not be null
WARN  2012-03-25 10:02:05,252 (SharedProjectFileDecorator.java:134) path object should not be null
WARN  2012-03-25 10:02:14,396 (SharedProjectFileDecorator.java:134) path object should not be null
WARN  2012-03-25 10:02:14,409 (SharedProjectFileDecorator.java:134) path object should not be null
WARN  2012-03-25 10:02:32,579 (SharedProjectFileDecorator.java:134) path object should not be null
WARN  2012-03-25 10:02:32,589 (SharedProjectFileDecorator.java:134) path object should not be null
WARN  2012-03-25 10:03:13,391 (SharedProjectFileDecorator.java:134) path object should not be null
WARN  2012-03-25 10:03:13,401 (SharedProjectFileDecorator.java:134) path object should not be null
WARN  2012-03-25 10:03:18,817 (SharedProjectFileDecorator.java:134) path object should not be null
WARN  2012-03-25 10:03:18,829 (SharedProjectFileDecorator.java:134) path object should not be null
WARN  2012-03-25 10:03:24,138 (SharedProjectFileDecorator.java:134) path object should not be null
WARN  2012-03-25 10:03:24,149 (SharedProjectFileDecorator.java:134) path object should not be null
WARN  2012-03-25 10:03:33,523 (SharedProjectFileDecorator.java:134) path object should not be null
WARN  2012-03-25 10:03:33,533 (SharedProjectFileDecorator.java:134) path object should not be null
WARN  2012-03-25 10:04:56,075 (SharedProjectFileDecorator.java:134) path object should not be null
WARN  2012-03-25 10:04:56,086 (SharedProjectFileDecorator.java:134) path object should not be null
WARN  2012-03-25 10:05:03,637 (SharedProjectFileDecorator.java:134) path object should not be null
WARN  2012-03-25 10:05:03,654 (SharedProjectFileDecorator.java:134) path object should not be null
WARN  2012-03-25 10:05:39,782 (SharedProjectFileDecorator.java:134) path object should not be null
WARN  2012-03-25 10:05:39,793 (SharedProjectFileDecorator.java:134) path object should not be null
WARN  2012-03-25 10:06:27,268 (SharedProjectFileDecorator.java:134) path object should not be null
WARN  2012-03-25 10:06:27,278 (SharedProjectFileDecorator.java:134) path object should not be null
WARN  2012-03-25 10:12:42,177 (DiscoveryManager.java:439) Service Discovery failed on recipient lightningzygella@gmail.com/Talk.v104FA3E3F17 server:xmpp.l.google.com:
feature-not-implemented(501)
	at org.jivesoftware.smackx.ServiceDiscoveryManager.discoverInfo(ServiceDiscoveryManager.java:448)
	at org.jivesoftware.smackx.ServiceDiscoveryManager.discoverInfo(ServiceDiscoveryManager.java:414)
	at de.fu_berlin.inf.dpp.net.internal.discoveryManager.DiscoveryManager.querySupport(DiscoveryManager.java:436)
	at de.fu_berlin.inf.dpp.net.internal.discoveryManager.DiscoveryManager.isFeatureSupported(DiscoveryManager.java:387)
	at de.fu_berlin.inf.dpp.net.internal.discoveryManager.DiscoveryManager.getSupportingPresence(DiscoveryManager.java:289)
	at de.fu_berlin.inf.dpp.net.internal.discoveryManager.DiscoveryManager.isSarosSupported(DiscoveryManager.java:207)
	at de.fu_berlin.inf.dpp.net.internal.discoveryManager.DiscoveryManager$2$1.run(DiscoveryManager.java:329)
	at de.fu_berlin.inf.dpp.util.Utils$6.run(Utils.java:377)
	at java.lang.Thread.run(Thread.java:680)
WARN  2012-03-25 10:20:41,953 (SharedProjectFileDecorator.java:134) path object should not be null
WARN  2012-03-25 10:20:41,970 (SharedProjectFileDecorator.java:134) path object should not be null
WARN  2012-03-25 10:21:03,068 (SharedProjectFileDecorator.java:134) path object should not be null
WARN  2012-03-25 10:21:03,079 (SharedProjectFileDecorator.java:134) path object should not be null
WARN  2012-03-25 10:21:06,894 (SharedProjectFileDecorator.java:134) path object should not be null
WARN  2012-03-25 10:21:06,910 (SharedProjectFileDecorator.java:134) path object should not be null
WARN  2012-03-25 10:21:33,772 (SharedProjectFileDecorator.java:134) path object should not be null
WARN  2012-03-25 10:21:33,785 (SharedProjectFileDecorator.java:134) path object should not be null
WARN  2012-03-25 10:22:21,213 (EditorAPI.java:360) Could not get resource from IEditorInput org.eclipse.jdt.internal.ui.javaeditor.InternalClassFileEditorInput@a250be08
WARN  2012-03-25 10:22:21,239 (EditorAPI.java:360) Could not get resource from IEditorInput org.eclipse.jdt.internal.ui.javaeditor.InternalClassFileEditorInput@a250be08
WARN  2012-03-25 10:22:21,240 (SharedProjectFileDecorator.java:134) path object should not be null
WARN  2012-03-25 10:22:21,247 (EditorAPI.java:360) Could not get resource from IEditorInput org.eclipse.jdt.internal.ui.javaeditor.InternalClassFileEditorInput@a250be08
WARN  2012-03-25 10:22:21,248 (SharedProjectFileDecorator.java:134) path object should not be null
WARN  2012-03-25 10:22:24,415 (EditorAPI.java:360) Could not get resource from IEditorInput org.eclipse.jdt.internal.ui.javaeditor.InternalClassFileEditorInput@a250be08
WARN  2012-03-25 10:52:36,253 (ActivitySequencer.java:667) Activities for peer not in session are dropped.
WARN  2012-03-25 10:54:20,154 (SharedProjectFileDecorator.java:134) path object should not be null
WARN  2012-03-25 10:54:20,222 (SharedProjectFileDecorator.java:134) path object should not be null
WARN  2012-03-25 10:57:05,459 (SharedProjectFileDecorator.java:134) path object should not be null
WARN  2012-03-25 10:57:07,236 (Socks5Transport.java:501) [SOCKS5] could not connect to lightningzygella@gmail.com/SarosB3BDD15C because: feature-not-implemented(501). Waiting for peer to connect ...
ERROR 2012-03-25 10:57:16,240 (DataTransferManager.java:433) [lightningzygella@gmail.com/SarosB3BDD15C] Failed to connect using XEP 65 SOCKS5:
feature-not-implemented(501)
	at org.jivesoftware.smackx.ServiceDiscoveryManager.discoverItems(ServiceDiscoveryManager.java:495)
	at org.jivesoftware.smackx.ServiceDiscoveryManager.discoverItems(ServiceDiscoveryManager.java:461)
	at org.jivesoftware.smackx.bytestreams.socks5.Socks5BytestreamManager.determineProxies(Socks5BytestreamManager.java:526)
	at org.jivesoftware.smackx.bytestreams.socks5.Socks5BytestreamManager.establishSession(Socks5BytestreamManager.java:423)
	at org.jivesoftware.smackx.bytestreams.socks5.Socks5BytestreamManager.establishSession(Socks5BytestreamManager.java:399)
	at org.jivesoftware.smackx.bytestreams.socks5.Socks5BytestreamManager.establishSession(Socks5BytestreamManager.java:83)
	at de.fu_berlin.inf.dpp.net.internal.Socks5Transport.establishBinaryChannel(Socks5Transport.java:472)
	at de.fu_berlin.inf.dpp.net.internal.BytestreamTransport.connect(BytestreamTransport.java:45)
	at de.fu_berlin.inf.dpp.net.internal.DataTransferManager.connect(DataTransferManager.java:431)
	at de.fu_berlin.inf.dpp.net.internal.DataTransferManager.getConnection(DataTransferManager.java:402)
	at de.fu_berlin.inf.dpp.invitation.OutgoingSessionNegotiation.sendInvitation(OutgoingSessionNegotiation.java:301)
	at de.fu_berlin.inf.dpp.invitation.OutgoingSessionNegotiation.start(OutgoingSessionNegotiation.java:164)
	at de.fu_berlin.inf.dpp.project.SarosSessionManager$OutgoingInvitationJob.run(SarosSessionManager.java:469)
	at org.eclipse.core.internal.jobs.Worker.run(Worker.java:54)
WARN  2012-03-25 11:09:32,583 (SharedProjectFileDecorator.java:222) resource should not be null
WARN  2012-03-25 11:09:32,608 (SharedProjectFileDecorator.java:222) resource should not be null
WARN  2012-03-25 11:09:33,280 (SharedProjectFileDecorator.java:222) resource should not be null
WARN  2012-03-25 11:10:04,071 (SharedProjectFileDecorator.java:134) path object should not be null
WARN  2012-03-25 11:10:04,117 (SharedProjectFileDecorator.java:134) path object should not be null
ERROR 2012-03-25 11:22:05,647 (SarosNet.java:451) XMPP Connection Error: 
java.net.SocketException: Operation timed out
	at java.net.SocketInputStream.socketRead0(Native Method)
	at java.net.SocketInputStream.read(SocketInputStream.java:129)
	at com.sun.net.ssl.internal.ssl.InputRecord.readFully(InputRecord.java:293)
	at com.sun.net.ssl.internal.ssl.InputRecord.read(InputRecord.java:331)
	at com.sun.net.ssl.internal.ssl.SSLSocketImpl.readRecord(SSLSocketImpl.java:830)
	at com.sun.net.ssl.internal.ssl.SSLSocketImpl.readDataRecord(SSLSocketImpl.java:787)
	at com.sun.net.ssl.internal.ssl.AppInputStream.read(AppInputStream.java:75)
	at sun.nio.cs.StreamDecoder.readBytes(StreamDecoder.java:264)
	at sun.nio.cs.StreamDecoder.implRead(StreamDecoder.java:306)
	at sun.nio.cs.StreamDecoder.read(StreamDecoder.java:158)
	at java.io.InputStreamReader.read(InputStreamReader.java:167)
	at java.io.BufferedReader.fill(BufferedReader.java:136)
	at java.io.BufferedReader.read1(BufferedReader.java:187)
	at java.io.BufferedReader.read(BufferedReader.java:261)
	at org.xmlpull.mxp1.MXParser.fillBuf(MXParser.java:2992)
	at org.xmlpull.mxp1.MXParser.more(MXParser.java:3046)
	at org.xmlpull.mxp1.MXParser.nextImpl(MXParser.java:1144)
	at org.xmlpull.mxp1.MXParser.next(MXParser.java:1093)
	at org.jivesoftware.smack.PacketReader.parsePackets(PacketReader.java:325)
	at org.jivesoftware.smack.PacketReader.access$000(PacketReader.java:43)
	at org.jivesoftware.smack.PacketReader$1.run(PacketReader.java:70)
ERROR 2012-03-25 11:22:05,649 (SarosNet.java:430) New Connection State == ERROR
java.net.SocketException: Operation timed out
	at java.net.SocketInputStream.socketRead0(Native Method)
	at java.net.SocketInputStream.read(SocketInputStream.java:129)
	at com.sun.net.ssl.internal.ssl.InputRecord.readFully(InputRecord.java:293)
	at com.sun.net.ssl.internal.ssl.InputRecord.read(InputRecord.java:331)
	at com.sun.net.ssl.internal.ssl.SSLSocketImpl.readRecord(SSLSocketImpl.java:830)
	at com.sun.net.ssl.internal.ssl.SSLSocketImpl.readDataRecord(SSLSocketImpl.java:787)
	at com.sun.net.ssl.internal.ssl.AppInputStream.read(AppInputStream.java:75)
	at sun.nio.cs.StreamDecoder.readBytes(StreamDecoder.java:264)
	at sun.nio.cs.StreamDecoder.implRead(StreamDecoder.java:306)
	at sun.nio.cs.StreamDecoder.read(StreamDecoder.java:158)
	at java.io.InputStreamReader.read(InputStreamReader.java:167)
	at java.io.BufferedReader.fill(BufferedReader.java:136)
	at java.io.BufferedReader.read1(BufferedReader.java:187)
	at java.io.BufferedReader.read(BufferedReader.java:261)
	at org.xmlpull.mxp1.MXParser.fillBuf(MXParser.java:2992)
	at org.xmlpull.mxp1.MXParser.more(MXParser.java:3046)
	at org.xmlpull.mxp1.MXParser.nextImpl(MXParser.java:1144)
	at org.xmlpull.mxp1.MXParser.next(MXParser.java:1093)
	at org.jivesoftware.smack.PacketReader.parsePackets(PacketReader.java:325)
	at org.jivesoftware.smack.PacketReader.access$000(PacketReader.java:43)
	at org.jivesoftware.smack.PacketReader$1.run(PacketReader.java:70)
ERROR 2012-03-25 11:22:05,653 (DataTransferManager.java:705) Error while closing IBB connection 
java.lang.IllegalStateException: Not connected to server.
	at org.jivesoftware.smack.XMPPConnection.sendPacket(XMPPConnection.java:445)
	at org.jivesoftware.smackx.packet.SyncPacketSend.getReply(SyncPacketSend.java:41)
	at org.jivesoftware.smackx.packet.SyncPacketSend.getReply(SyncPacketSend.java:61)
	at org.jivesoftware.smackx.bytestreams.ibb.InBandBytestreamSession.closeByLocal(InBandBytestreamSession.java:210)
	at org.jivesoftware.smackx.bytestreams.ibb.InBandBytestreamSession.close(InBandBytestreamSession.java:154)
	at de.fu_berlin.inf.dpp.net.internal.BinaryChannel.dispose(BinaryChannel.java:478)
	at de.fu_berlin.inf.dpp.net.internal.BinaryChannelConnection.close(BinaryChannelConnection.java:131)
	at de.fu_berlin.inf.dpp.net.internal.DataTransferManager.disposeConnection(DataTransferManager.java:703)
	at de.fu_berlin.inf.dpp.net.internal.DataTransferManager.connectionStateChanged(DataTransferManager.java:726)
	at de.fu_berlin.inf.dpp.net.SarosNet.setConnectionState(SarosNet.java:435)
	at de.fu_berlin.inf.dpp.net.SarosNet$XMPPConnectionListener.connectionClosedOnError(SarosNet.java:465)
	at de.fu_berlin.inf.dpp.SafeConnectionListener$2.run(SafeConnectionListener.java:46)
	at de.fu_berlin.inf.dpp.util.Utils$6.run(Utils.java:377)
	at de.fu_berlin.inf.dpp.util.Utils.runSafeSync(Utils.java:553)
	at de.fu_berlin.inf.dpp.SafeConnectionListener.connectionClosedOnError(SafeConnectionListener.java:44)
	at org.jivesoftware.smack.PacketReader.notifyConnectionError(PacketReader.java:172)
	at org.jivesoftware.smack.PacketReader.parsePackets(PacketReader.java:332)
	at org.jivesoftware.smack.PacketReader.access$000(PacketReader.java:43)
	at org.jivesoftware.smack.PacketReader$1.run(PacketReader.java:70)
WARN  2012-03-25 11:23:02,011 (SharedProjectFileDecorator.java:134) path object should not be null
WARN  2012-03-25 11:23:03,058 (SarosSessionManager.java:250) StopSharedProject should not be called from SWT
StackTrace:
	at de.fu_berlin.inf.dpp.project.SarosSessionManager.stopSarosSession(SarosSessionManager.java:251)
	at de.fu_berlin.inf.dpp.Saros.stop(Saros.java:305)
	at org.eclipse.osgi.framework.internal.core.BundleContextImpl$2.run(BundleContextImpl.java:771)
	at java.security.AccessController.doPrivileged(Native Method)
	at org.eclipse.osgi.framework.internal.core.BundleContextImpl.stop(BundleContextImpl.java:764)
	at org.eclipse.osgi.framework.internal.core.BundleHost.stopWorker(BundleHost.java:510)
	at org.eclipse.osgi.framework.internal.core.AbstractBundle.suspend(AbstractBundle.java:565)
	at org.eclipse.osgi.framework.internal.core.Framework.suspendBundle(Framework.java:1160)
	at org.eclipse.osgi.framework.internal.core.StartLevelManager.decFWSL(StartLevelManager.java:595)
	at org.eclipse.osgi.framework.internal.core.StartLevelManager.doSetStartLevel(StartLevelManager.java:257)
	at org.eclipse.osgi.framework.internal.core.StartLevelManager.shutdown(StartLevelManager.java:215)
	at org.eclipse.osgi.framework.internal.core.InternalSystemBundle.suspend(InternalSystemBundle.java:284)
	at org.eclipse.osgi.framework.internal.core.Framework.shutdown(Framework.java:690)
	at org.eclipse.osgi.framework.internal.core.Framework.close(Framework.java:597)
	at org.eclipse.core.runtime.adaptor.EclipseStarter.shutdown(EclipseStarter.java:390)
	at org.eclipse.core.runtime.adaptor.EclipseStarter.run(EclipseStarter.java:198)
	at sun.reflect.NativeMethodAccessorImpl.invoke0(Native Method)
	at sun.reflect.NativeMethodAccessorImpl.invoke(NativeMethodAccessorImpl.java:39)
	at sun.reflect.DelegatingMethodAccessorImpl.invoke(DelegatingMethodAccessorImpl.java:25)
	at java.lang.reflect.Method.invoke(Method.java:597)
	at org.eclipse.equinox.launcher.Main.invokeFramework(Main.java:622)
	at org.eclipse.equinox.launcher.Main.basicRun(Main.java:577)
	at org.eclipse.equinox.launcher.Main.run(Main.java:1410)
ERROR 2012-03-25 11:23:03,059 (SarosSessionManager.java:847) Internal error in notifying listener of SarosSession ending: 
java.lang.IllegalArgumentException: JID cannot be null
	at de.fu_berlin.inf.dpp.net.JID.<init>(JID.java:74)
	at de.fu_berlin.inf.dpp.communication.muc.session.MUCSession.getJID(MUCSession.java:391)
	at de.fu_berlin.inf.dpp.communication.muc.session.MUCSession.disconnect(MUCSession.java:198)
	at de.fu_berlin.inf.dpp.communication.muc.singleton.MUCManagerSingletonWrapperChatView$1.sessionEnding(MUCManagerSingletonWrapperChatView.java:57)
	at de.fu_berlin.inf.dpp.project.SarosSessionManager.notifySessionEnding(SarosSessionManager.java:845)
	at de.fu_berlin.inf.dpp.project.SarosSessionManager.stopSarosSession(SarosSessionManager.java:268)
	at de.fu_berlin.inf.dpp.Saros.stop(Saros.java:305)
	at org.eclipse.osgi.framework.internal.core.BundleContextImpl$2.run(BundleContextImpl.java:771)
	at java.security.AccessController.doPrivileged(Native Method)
	at org.eclipse.osgi.framework.internal.core.BundleContextImpl.stop(BundleContextImpl.java:764)
	at org.eclipse.osgi.framework.internal.core.BundleHost.stopWorker(BundleHost.java:510)
	at org.eclipse.osgi.framework.internal.core.AbstractBundle.suspend(AbstractBundle.java:565)
	at org.eclipse.osgi.framework.internal.core.Framework.suspendBundle(Framework.java:1160)
	at org.eclipse.osgi.framework.internal.core.StartLevelManager.decFWSL(StartLevelManager.java:595)
	at org.eclipse.osgi.framework.internal.core.StartLevelManager.doSetStartLevel(StartLevelManager.java:257)
	at org.eclipse.osgi.framework.internal.core.StartLevelManager.shutdown(StartLevelManager.java:215)
	at org.eclipse.osgi.framework.internal.core.InternalSystemBundle.suspend(InternalSystemBundle.java:284)
	at org.eclipse.osgi.framework.internal.core.Framework.shutdown(Framework.java:690)
	at org.eclipse.osgi.framework.internal.core.Framework.close(Framework.java:597)
	at org.eclipse.core.runtime.adaptor.EclipseStarter.shutdown(EclipseStarter.java:390)
	at org.eclipse.core.runtime.adaptor.EclipseStarter.run(EclipseStarter.java:198)
	at sun.reflect.NativeMethodAccessorImpl.invoke0(Native Method)
	at sun.reflect.NativeMethodAccessorImpl.invoke(NativeMethodAccessorImpl.java:39)
	at sun.reflect.DelegatingMethodAccessorImpl.invoke(DelegatingMethodAccessorImpl.java:25)
	at java.lang.reflect.Method.invoke(Method.java:597)
	at org.eclipse.equinox.launcher.Main.invokeFramework(Main.java:622)
	at org.eclipse.equinox.launcher.Main.basicRun(Main.java:577)
	at org.eclipse.equinox.launcher.Main.run(Main.java:1410)
